2018-06-12T22:42:31+02:00 [] POST
2018-06-12T22:42:31+02:00 [] Well done
2018-06-12T22:42:31+02:00 [] Search for item in cart
2018-06-12T22:46:00+02:00 [Carrito] POSTArray
2018-06-12T22:46:00+02:00 [Carrito] Well done
2018-06-12T22:46:00+02:00 [Carrito] Searching for item already in cart
2018-06-12T22:46:39+02:00 [Carrito] POST
2018-06-12T22:46:39+02:00 [Carrito] Well done
2018-06-12T22:46:39+02:00 [Carrito] Searching for item already in cart
2018-06-12T22:46:45+02:00 [Carrito] POST
2018-06-12T22:46:45+02:00 [Carrito] Well done
2018-06-12T22:46:45+02:00 [Carrito] Searching for item already in cart
2018-06-12T22:46:45+02:00 [Carrito] Insert item in cart
2018-06-12T23:00:49+02:00 [Carrito] PUT
2018-06-12T23:03:16+02:00 [Carrito] PUT
2018-06-12T23:03:49+02:00 [Carrito] PUT
2018-06-12T23:03:49+02:00 [Carrito] Well done
2018-06-12T23:03:49+02:00 [Carrito] Updating cart item
2018-06-12T23:03:49+02:00 [Carrito] Recovering new data
2018-06-12T23:05:36+02:00 [Carrito] PUT
2018-06-12T23:05:36+02:00 [Carrito] Well done
2018-06-12T23:05:36+02:00 [Carrito] Updating cart item
2018-06-12T23:05:36+02:00 [Carrito] Recovering new data
2018-06-12T23:05:36+02:00 [Carrito] PUT DONE!
2018-06-12T23:10:11+02:00 [Carrito] PUT
2018-06-12T23:10:11+02:00 [Carrito] Well done
2018-06-12T23:10:11+02:00 [Carrito] Updating cart item
2018-06-12T23:10:11+02:00 [Carrito] Recovering new data
2018-06-12T23:10:11+02:00 [Carrito] PUT DONE!
2018-06-12T23:10:44+02:00 [Carrito] PUT
2018-06-12T23:10:44+02:00 [Carrito] Missing param in request folio_carrito
2018-06-12T23:10:58+02:00 [Carrito] PUT
2018-06-12T23:10:58+02:00 [Carrito] Missing param in request folio_carrito
2018-06-12T23:11:22+02:00 [Carrito] PUT
2018-06-12T23:11:22+02:00 [Carrito] Missing param in request folio_carrito
2018-06-12T23:11:31+02:00 [Carrito] PUT
2018-06-12T23:11:31+02:00 [Carrito] Missing param in request folio_carrito
2018-06-12T23:16:45+02:00 [Carrito] PUT
2018-06-12T23:16:45+02:00 [Carrito] Missing param in request folio_carrito
2018-06-12T23:18:56+02:00 [Carrito] PUT
2018-06-12T23:18:56+02:00 [Carrito] Well done
2018-06-12T23:18:56+02:00 [Carrito] Updating cart item
2018-06-12T23:18:57+02:00 [Carrito] Recovering new data
2018-06-12T23:18:57+02:00 [Carrito] PUT DONE!
2018-06-12T23:19:16+02:00 [Carrito] PUT
2018-06-12T23:19:16+02:00 [Carrito] Well done
2018-06-12T23:19:16+02:00 [Carrito] Updating cart item
2018-06-12T23:19:16+02:00 [Carrito] Recovering new data
2018-06-12T23:19:16+02:00 [Carrito] PUT DONE!
2018-06-12T23:19:29+02:00 [Carrito] PUT
2018-06-12T23:19:29+02:00 [Carrito] Well done
2018-06-12T23:19:29+02:00 [Carrito] Updating cart item
2018-06-12T23:19:29+02:00 [Carrito] Recovering new data
2018-06-12T23:19:29+02:00 [Carrito] PUT DONE!
2018-06-12T23:24:40+02:00 [Carrito] PUT
2018-06-12T23:24:40+02:00 [Carrito] Well done
2018-06-12T23:24:40+02:00 [Carrito] Updating cart item
2018-06-12T23:24:40+02:00 [Carrito] Recovering new data
2018-06-12T23:24:40+02:00 [Carrito] PUT DONE!
2018-06-12T23:24:42+02:00 [Carrito] PUT
2018-06-12T23:24:42+02:00 [Carrito] Well done
2018-06-12T23:24:42+02:00 [Carrito] Updating cart item
2018-06-12T23:24:42+02:00 [Carrito] Recovering new data
2018-06-12T23:24:42+02:00 [Carrito] PUT DONE!
2018-06-12T23:25:05+02:00 [Carrito] PUT
2018-06-12T23:25:05+02:00 [Carrito] Well done
2018-06-12T23:25:05+02:00 [Carrito] Updating cart item
2018-06-12T23:25:05+02:00 [Carrito] Recovering new data
2018-06-12T23:25:05+02:00 [Carrito] PUT DONE!
2018-06-13T04:38:07+02:00 [Carrito] POST
2018-06-13T04:38:07+02:00 [Carrito] Missing param in request Id_producto
2018-06-13T08:20:46+02:00 [Carrito] DELETE
2018-06-13T08:20:46+02:00 [Carrito] Well done
2018-06-13T08:20:46+02:00 [Carrito] Delete item
2018-06-13T08:20:46+02:00 [Carrito] DELETE DONE!
2018-06-13T08:21:13+02:00 [Carrito] DELETE
2018-06-13T08:21:13+02:00 [Carrito] Well done
2018-06-13T08:21:13+02:00 [Carrito] Delete item
2018-06-13T08:21:13+02:00 [Carrito] DELETE DONE!
2018-06-14T04:44:02+02:00 [Carrito] POST
2018-06-14T04:44:02+02:00 [Carrito] Well done
2018-06-14T04:44:02+02:00 [Carrito] Searching for item already in cart
2018-06-14T04:55:14+02:00 [Carrito] POST
2018-06-14T04:55:19+02:00 [Carrito] POST
2018-06-14T07:40:26+02:00 [Carrito] POST
2018-06-14T07:47:12+02:00 [Carrito] DELETE
2018-06-14T07:47:12+02:00 [Carrito] Well done
2018-06-14T07:47:12+02:00 [Carrito] Delete item
2018-06-14T07:47:12+02:00 [Carrito] DELETE DONE!
2018-06-14T07:47:21+02:00 [Carrito] PUT
2018-06-14T07:47:21+02:00 [Carrito] Well done
2018-06-14T07:47:21+02:00 [Carrito] Updating cart item
2018-06-14T07:47:21+02:00 [Carrito] Recovering new data
2018-06-14T07:47:21+02:00 [Carrito] PUT DONE!
2018-06-14T07:47:32+02:00 [Carrito] POST
2018-06-14T07:47:32+02:00 [Carrito] Well done
2018-06-14T07:47:32+02:00 [Carrito] Searching for item already in cart
2018-06-14T07:47:32+02:00 [Carrito] Insert item in cart
2018-06-14T07:47:32+02:00 [Carrito] POST DONE!
2018-06-14T07:48:12+02:00 [Carrito] POST
2018-06-14T07:48:12+02:00 [Carrito] Well done
2018-06-14T07:48:12+02:00 [Carrito] Searching for item already in cart
2018-06-14T07:48:12+02:00 [Carrito] Insert item in cart
2018-06-14T07:48:12+02:00 [Carrito] POST DONE!
2018-06-14T07:48:36+02:00 [Carrito] PUT
2018-06-14T07:48:36+02:00 [Carrito] Well done
2018-06-14T07:48:36+02:00 [Carrito] Updating cart item
2018-06-14T07:48:36+02:00 [Carrito] Recovering new data
2018-06-14T07:48:36+02:00 [Carrito] PUT DONE!
2018-06-14T07:49:20+02:00 [Carrito] DELETE
2018-06-14T07:49:20+02:00 [Carrito] Well done
2018-06-14T07:49:20+02:00 [Carrito] Delete item
2018-06-14T07:49:20+02:00 [Carrito] DELETE DONE!
2018-06-15T06:20:37+02:00 [Preguntas] GET
2018-06-15T06:21:09+02:00 [Preguntas] GET
2018-06-15T06:21:33+02:00 [Preguntas] GET
2018-06-15T06:21:59+02:00 [Preguntas] GET
2018-06-15T06:22:52+02:00 [Preguntas] GET
2018-06-15T06:22:52+02:00 [Preguntas] Buscando producto...
2018-06-15T06:24:23+02:00 [Producto] GET
2018-06-15T06:24:23+02:00 [Producto] Buscando producto...
2018-06-15T06:24:23+02:00 [Producto] Buscando imagenes del producto...
2018-06-15T06:24:23+02:00 [Producto] Buscando vendedor
2018-06-15T06:24:48+02:00 [Producto] GET
2018-06-15T06:24:48+02:00 [Producto] Buscando producto...
2018-06-15T06:24:48+02:00 [Producto] Buscando imagenes del producto...
2018-06-15T06:24:48+02:00 [Producto] Buscando vendedor
2018-06-15T06:25:03+02:00 [Producto] GET
2018-06-15T06:25:03+02:00 [Producto] Buscando producto...
2018-06-15T06:25:03+02:00 [Producto] Buscando imagenes del producto...
2018-06-15T06:25:03+02:00 [Producto] Buscando vendedor
2018-06-15T06:30:27+02:00 [Preguntas] GET
2018-06-15T06:30:27+02:00 [Preguntas] Preguntas por personal
2018-06-15T06:30:58+02:00 [Preguntas] GET
2018-06-15T06:30:58+02:00 [Preguntas] Preguntas por producto
2018-06-15T06:31:36+02:00 [Producto] GET
2018-06-15T06:31:36+02:00 [Producto] Buscando producto...
2018-06-15T06:31:36+02:00 [Producto] Buscando imagenes del producto...
2018-06-15T06:31:36+02:00 [Producto] Buscando vendedor
2018-06-15T06:31:36+02:00 [Preguntas] GET
2018-06-15T06:31:36+02:00 [Preguntas] Preguntas por producto
2018-06-15T06:31:51+02:00 [Producto] GET
2018-06-15T06:31:51+02:00 [Producto] Buscando producto...
2018-06-15T06:31:51+02:00 [Preguntas] GET
2018-06-15T06:31:51+02:00 [Preguntas] Preguntas por producto
2018-06-15T06:31:51+02:00 [Producto] Buscando imagenes del producto...
2018-06-15T06:31:51+02:00 [Producto] Buscando vendedor
2018-06-15T06:32:29+02:00 [Producto] GET
2018-06-15T06:32:29+02:00 [Producto] Buscando producto...
2018-06-15T06:32:29+02:00 [Producto] Buscando imagenes del producto...
2018-06-15T06:32:29+02:00 [Producto] Buscando vendedor
2018-06-15T06:32:29+02:00 [Preguntas] GET
2018-06-15T06:32:29+02:00 [Preguntas] Preguntas por producto
2018-06-15T06:32:58+02:00 [Producto] GET
2018-06-15T06:32:58+02:00 [Producto] Buscando producto...
2018-06-15T06:32:58+02:00 [Producto] Buscando imagenes del producto...
2018-06-15T06:32:58+02:00 [Producto] Buscando vendedor
2018-06-15T06:32:58+02:00 [Preguntas] GET
2018-06-15T06:32:58+02:00 [Preguntas] Preguntas por producto
2018-06-15T06:44:23+02:00 [Producto] GET
2018-06-15T06:44:23+02:00 [Producto] Buscando producto...
2018-06-15T06:44:23+02:00 [Producto] Buscando imagenes del producto...
2018-06-15T06:44:23+02:00 [Producto] Buscando vendedor
2018-06-15T06:45:11+02:00 [Preguntas] GET
2018-06-15T06:45:11+02:00 [Preguntas] Preguntas por producto
2018-06-15T06:45:11+02:00 [Producto] GET
2018-06-15T06:45:11+02:00 [Producto] Buscando producto...
2018-06-15T06:45:11+02:00 [Producto] Buscando imagenes del producto...
2018-06-15T06:45:11+02:00 [Producto] Buscando vendedor
2018-06-15T06:46:30+02:00 [Producto] GET
2018-06-15T06:46:30+02:00 [Producto] Buscando producto...
2018-06-15T06:46:30+02:00 [Producto] Buscando imagenes del producto...
2018-06-15T06:46:30+02:00 [Producto] Buscando vendedor
2018-06-15T06:46:30+02:00 [Preguntas] GET
2018-06-15T06:46:30+02:00 [Preguntas] Preguntas por producto
2018-06-15T06:47:38+02:00 [Producto] GET
2018-06-15T06:47:38+02:00 [Producto] Buscando producto...
2018-06-15T06:47:38+02:00 [Producto] Buscando imagenes del producto...
2018-06-15T06:47:38+02:00 [Producto] Buscando vendedor
2018-06-15T06:47:38+02:00 [Preguntas] GET
2018-06-15T06:47:38+02:00 [Preguntas] Preguntas por producto
2018-06-15T06:48:33+02:00 [Producto] GET
2018-06-15T06:48:33+02:00 [Producto] Buscando producto...
2018-06-15T06:48:33+02:00 [Producto] Buscando imagenes del producto...
2018-06-15T06:48:33+02:00 [Producto] Buscando vendedor
2018-06-15T06:48:33+02:00 [Preguntas] GET
2018-06-15T06:48:33+02:00 [Preguntas] Preguntas por producto
2018-06-15T06:48:41+02:00 [Producto] GET
2018-06-15T06:48:41+02:00 [Producto] Buscando producto...
2018-06-15T06:48:41+02:00 [Preguntas] GET
2018-06-15T06:48:41+02:00 [Preguntas] Preguntas por producto
2018-06-15T06:48:41+02:00 [Producto] Buscando imagenes del producto...
2018-06-15T06:48:41+02:00 [Producto] Buscando vendedor
2018-06-15T06:49:50+02:00 [Producto] GET
2018-06-15T06:49:50+02:00 [Producto] Buscando producto...
2018-06-15T06:49:50+02:00 [Producto] Buscando imagenes del producto...
2018-06-15T06:49:50+02:00 [Producto] Buscando vendedor
2018-06-15T06:49:50+02:00 [Preguntas] GET
2018-06-15T06:49:50+02:00 [Preguntas] Preguntas por producto
2018-06-15T06:50:28+02:00 [Producto] GET
2018-06-15T06:50:28+02:00 [Producto] Buscando producto...
2018-06-15T06:50:28+02:00 [Producto] Buscando imagenes del producto...
2018-06-15T06:50:28+02:00 [Producto] Buscando vendedor
2018-06-15T06:50:28+02:00 [Preguntas] GET
2018-06-15T06:50:28+02:00 [Preguntas] Preguntas por producto
2018-06-15T06:50:52+02:00 [Producto] GET
2018-06-15T06:50:52+02:00 [Producto] Buscando producto...
2018-06-15T06:50:52+02:00 [Producto] Buscando imagenes del producto...
2018-06-15T06:50:52+02:00 [Producto] Buscando vendedor
2018-06-15T06:50:52+02:00 [Preguntas] GET
2018-06-15T06:50:52+02:00 [Preguntas] Preguntas por producto
2018-06-15T06:51:34+02:00 [Producto] GET
2018-06-15T06:51:34+02:00 [Producto] Buscando producto...
2018-06-15T06:51:34+02:00 [Producto] Buscando imagenes del producto...
2018-06-15T06:51:34+02:00 [Producto] Buscando vendedor
2018-06-15T06:51:34+02:00 [Preguntas] GET
2018-06-15T06:51:34+02:00 [Preguntas] Preguntas por producto
2018-06-15T06:52:05+02:00 [Preguntas] GET
2018-06-15T06:52:05+02:00 [Preguntas] Preguntas por producto
2018-06-15T06:52:05+02:00 [Producto] GET
2018-06-15T06:52:05+02:00 [Producto] Buscando producto...
2018-06-15T06:52:05+02:00 [Producto] Buscando imagenes del producto...
2018-06-15T06:52:05+02:00 [Producto] Buscando vendedor
2018-06-15T06:56:15+02:00 [Preguntas] GET
2018-06-15T06:56:15+02:00 [Preguntas] Preguntas por producto
2018-06-15T06:56:15+02:00 [Producto] GET
2018-06-15T06:56:15+02:00 [Producto] Buscando producto...
2018-06-15T06:56:15+02:00 [Producto] Buscando imagenes del producto...
2018-06-15T06:56:15+02:00 [Producto] Buscando vendedor
2018-06-15T06:57:55+02:00 [Producto] GET
2018-06-15T06:57:55+02:00 [Producto] Buscando producto...
2018-06-15T06:57:55+02:00 [Producto] Buscando imagenes del producto...
2018-06-15T06:57:55+02:00 [Producto] Buscando vendedor
2018-06-15T06:57:55+02:00 [Preguntas] GET
2018-06-15T06:57:55+02:00 [Preguntas] Preguntas por producto
2018-06-15T06:59:47+02:00 [Producto] GET
2018-06-15T06:59:47+02:00 [Producto] Buscando producto...
2018-06-15T06:59:47+02:00 [Preguntas] GET
2018-06-15T06:59:47+02:00 [Preguntas] Preguntas por producto
2018-06-15T06:59:47+02:00 [Producto] Buscando imagenes del producto...
2018-06-15T06:59:47+02:00 [Producto] Buscando vendedor
2018-06-16T06:30:19+02:00 [Producto] GET
2018-06-16T06:30:19+02:00 [Producto] Buscando producto...
2018-06-16T06:30:20+02:00 [Producto] Buscando imagenes del producto...
2018-06-16T06:30:20+02:00 [Producto] Buscando vendedor
2018-06-16T06:31:07+02:00 [Producto] GET
2018-06-16T06:31:07+02:00 [Producto] Buscando producto...
2018-06-16T06:31:07+02:00 [Producto] Buscando imagenes del producto...
2018-06-16T06:31:07+02:00 [Producto] Buscando vendedor
2018-06-16T06:31:53+02:00 [Producto] GET
2018-06-16T06:31:53+02:00 [Producto] Buscando producto...
2018-06-16T06:31:53+02:00 [Producto] Buscando imagenes del producto...
2018-06-16T06:31:53+02:00 [Producto] Buscando vendedor
2018-06-16T06:31:53+02:00 [Preguntas] GET
2018-06-16T06:31:53+02:00 [Preguntas] Preguntas por producto
2018-06-16T06:32:06+02:00 [Preguntas] GET
2018-06-16T06:32:06+02:00 [Preguntas] Preguntas por producto
2018-06-16T06:32:06+02:00 [Producto] GET
2018-06-16T06:32:06+02:00 [Producto] Buscando producto...
2018-06-16T06:32:06+02:00 [Producto] Buscando imagenes del producto...
2018-06-16T06:32:06+02:00 [Producto] Buscando vendedor
2018-06-16T06:32:09+02:00 [Preguntas] GET
2018-06-16T06:32:09+02:00 [Preguntas] Preguntas por producto
2018-06-16T06:32:09+02:00 [Producto] GET
2018-06-16T06:32:09+02:00 [Producto] Buscando producto...
2018-06-16T06:32:09+02:00 [Producto] Buscando imagenes del producto...
2018-06-16T06:32:09+02:00 [Producto] Buscando vendedor
2018-06-16T06:35:10+02:00 [Producto] GET
2018-06-16T06:35:10+02:00 [Producto] Buscando producto...
2018-06-16T06:35:10+02:00 [Preguntas] GET
2018-06-16T06:35:10+02:00 [Preguntas] Preguntas por producto
2018-06-16T06:35:10+02:00 [Producto] Buscando imagenes del producto...
2018-06-16T06:35:10+02:00 [Producto] Buscando vendedor
2018-06-16T06:35:21+02:00 [Producto] GET
2018-06-16T06:35:21+02:00 [Preguntas] GET
2018-06-16T06:35:21+02:00 [Producto] Buscando producto...
2018-06-16T06:35:21+02:00 [Preguntas] Preguntas por producto
2018-06-16T06:35:21+02:00 [Producto] Buscando imagenes del producto...
2018-06-16T06:35:21+02:00 [Producto] Buscando vendedor
2018-06-16T06:35:43+02:00 [Producto] GET
2018-06-16T06:35:43+02:00 [Producto] Buscando producto...
2018-06-16T06:35:43+02:00 [Producto] Buscando imagenes del producto...
2018-06-16T06:35:43+02:00 [Producto] Buscando vendedor
2018-06-16T06:35:43+02:00 [Preguntas] GET
2018-06-16T06:35:43+02:00 [Preguntas] Preguntas por producto
2018-06-16T06:36:07+02:00 [Preguntas] GET
2018-06-16T06:36:07+02:00 [Preguntas] Preguntas por producto
2018-06-16T06:36:07+02:00 [Producto] GET
2018-06-16T06:36:07+02:00 [Producto] Buscando producto...
2018-06-16T06:36:07+02:00 [Producto] Buscando imagenes del producto...
2018-06-16T06:36:07+02:00 [Producto] Buscando vendedor
2018-06-16T06:36:09+02:00 [Preguntas] GET
2018-06-16T06:36:09+02:00 [Preguntas] Preguntas por producto
2018-06-16T06:36:09+02:00 [Producto] GET
2018-06-16T06:36:09+02:00 [Producto] Buscando producto...
2018-06-16T06:36:09+02:00 [Producto] Buscando imagenes del producto...
2018-06-16T06:36:09+02:00 [Producto] Buscando vendedor
2018-06-16T06:36:26+02:00 [Preguntas] GET
2018-06-16T06:36:26+02:00 [Preguntas] Preguntas por producto
2018-06-16T06:36:26+02:00 [Producto] GET
2018-06-16T06:36:26+02:00 [Producto] Buscando producto...
2018-06-16T06:36:26+02:00 [Producto] Buscando imagenes del producto...
2018-06-16T06:36:26+02:00 [Producto] Buscando vendedor
2018-06-16T06:36:50+02:00 [Preguntas] GET
2018-06-16T06:36:50+02:00 [Preguntas] Preguntas por producto
2018-06-16T06:36:50+02:00 [Producto] GET
2018-06-16T06:36:50+02:00 [Producto] Buscando producto...
2018-06-16T06:36:50+02:00 [Producto] Buscando imagenes del producto...
2018-06-16T06:36:50+02:00 [Producto] Buscando vendedor
2018-06-16T06:37:11+02:00 [Producto] GET
2018-06-16T06:37:11+02:00 [Producto] Buscando producto...
2018-06-16T06:37:11+02:00 [Producto] Buscando imagenes del producto...
2018-06-16T06:37:11+02:00 [Producto] Buscando vendedor
2018-06-16T06:37:11+02:00 [Preguntas] GET
2018-06-16T06:37:11+02:00 [Preguntas] Preguntas por producto
2018-06-16T06:37:14+02:00 [Producto] GET
2018-06-16T06:37:14+02:00 [Producto] Buscando producto...
2018-06-16T06:37:14+02:00 [Producto] Buscando imagenes del producto...
2018-06-16T06:37:14+02:00 [Preguntas] GET
2018-06-16T06:37:14+02:00 [Preguntas] Preguntas por producto
2018-06-16T06:37:14+02:00 [Producto] Buscando vendedor
2018-06-16T06:37:31+02:00 [Preguntas] GET
2018-06-16T06:37:31+02:00 [Preguntas] Preguntas por producto
2018-06-16T06:37:31+02:00 [Producto] GET
2018-06-16T06:37:31+02:00 [Producto] Buscando producto...
2018-06-16T06:37:31+02:00 [Producto] Buscando imagenes del producto...
2018-06-16T06:37:31+02:00 [Producto] Buscando vendedor
2018-06-16T06:37:34+02:00 [Producto] GET
2018-06-16T06:37:34+02:00 [Producto] Buscando producto...
2018-06-16T06:37:34+02:00 [Producto] Buscando imagenes del producto...
2018-06-16T06:37:34+02:00 [Producto] Buscando vendedor
2018-06-16T06:37:34+02:00 [Preguntas] GET
2018-06-16T06:37:34+02:00 [Preguntas] Preguntas por producto
2018-06-16T06:37:38+02:00 [Producto] GET
2018-06-16T06:37:38+02:00 [Producto] Buscando producto...
2018-06-16T06:37:38+02:00 [Producto] Buscando imagenes del producto...
2018-06-16T06:37:38+02:00 [Producto] Buscando vendedor
2018-06-16T06:37:38+02:00 [Preguntas] GET
2018-06-16T06:37:38+02:00 [Preguntas] Preguntas por producto
2018-06-16T06:38:31+02:00 [Producto] GET
2018-06-16T06:38:31+02:00 [Preguntas] GET
2018-06-16T06:38:31+02:00 [Producto] Buscando producto...
2018-06-16T06:38:31+02:00 [Preguntas] Preguntas por producto
2018-06-16T06:38:31+02:00 [Producto] Buscando imagenes del producto...
2018-06-16T06:38:31+02:00 [Producto] Buscando vendedor
2018-06-16T06:38:53+02:00 [Producto] GET
2018-06-16T06:38:53+02:00 [Producto] Buscando producto...
2018-06-16T06:38:53+02:00 [Producto] Buscando imagenes del producto...
2018-06-16T06:38:53+02:00 [Producto] Buscando vendedor
2018-06-16T06:38:53+02:00 [Preguntas] GET
2018-06-16T06:38:53+02:00 [Preguntas] Preguntas por producto
2018-06-16T06:41:08+02:00 [Preguntas] GET
2018-06-16T06:41:08+02:00 [Preguntas] Preguntas por producto
2018-06-16T06:41:08+02:00 [Producto] GET
2018-06-16T06:41:08+02:00 [Producto] Buscando producto...
2018-06-16T06:41:08+02:00 [Producto] Buscando imagenes del producto...
2018-06-16T06:41:08+02:00 [Producto] Buscando vendedor
2018-06-16T06:42:03+02:00 [Producto] GET
2018-06-16T06:42:03+02:00 [Producto] Buscando producto...
2018-06-16T06:42:03+02:00 [Producto] Buscando imagenes del producto...
2018-06-16T06:42:03+02:00 [Producto] Buscando vendedor
2018-06-16T06:42:03+02:00 [Preguntas] GET
2018-06-16T06:42:03+02:00 [Preguntas] Preguntas por producto
2018-06-16T06:42:58+02:00 [Preguntas] GET
2018-06-16T06:42:58+02:00 [Preguntas] Preguntas por producto
2018-06-16T06:42:58+02:00 [Producto] GET
2018-06-16T06:42:58+02:00 [Producto] Buscando producto...
2018-06-16T06:42:58+02:00 [Producto] Buscando imagenes del producto...
2018-06-16T06:42:58+02:00 [Producto] Buscando vendedor
2018-06-16T06:43:30+02:00 [Producto] GET
2018-06-16T06:43:30+02:00 [Producto] Buscando producto...
2018-06-16T06:43:30+02:00 [Producto] Buscando imagenes del producto...
2018-06-16T06:43:30+02:00 [Producto] Buscando vendedor
2018-06-16T06:43:30+02:00 [Preguntas] GET
2018-06-16T06:43:30+02:00 [Preguntas] Preguntas por producto
2018-06-16T06:44:59+02:00 [Producto] GET
2018-06-16T06:44:59+02:00 [Producto] Buscando producto...
2018-06-16T06:44:59+02:00 [Producto] Buscando imagenes del producto...
2018-06-16T06:44:59+02:00 [Producto] Buscando vendedor
2018-06-16T06:44:59+02:00 [Preguntas] GET
2018-06-16T06:44:59+02:00 [Preguntas] Preguntas por producto
2018-06-16T06:51:25+02:00 [Producto] GET
2018-06-16T06:51:25+02:00 [Producto] Buscando producto...
2018-06-16T06:51:25+02:00 [Producto] Buscando imagenes del producto...
2018-06-16T06:51:25+02:00 [Producto] Buscando vendedor
2018-06-16T06:51:31+02:00 [Producto] GET
2018-06-16T06:51:31+02:00 [Producto] Buscando producto...
2018-06-16T06:51:31+02:00 [Producto] Buscando imagenes del producto...
2018-06-16T06:51:31+02:00 [Producto] Buscando vendedor
2018-06-16T06:56:04+02:00 [Producto] GET
2018-06-16T06:56:04+02:00 [Producto] Buscando producto...
2018-06-16T06:56:04+02:00 [Producto] Buscando imagenes del producto...
2018-06-16T06:56:04+02:00 [Producto] Buscando vendedor
2018-06-16T06:56:14+02:00 [Producto] GET
2018-06-16T06:56:14+02:00 [Producto] Buscando producto...
2018-06-16T06:56:14+02:00 [Producto] Buscando imagenes del producto...
2018-06-16T06:56:14+02:00 [Producto] Buscando vendedor
2018-06-16T06:56:47+02:00 [Producto] GET
2018-06-16T06:56:47+02:00 [Producto] Buscando producto...
2018-06-16T06:56:47+02:00 [Producto] Buscando imagenes del producto...
2018-06-16T06:56:47+02:00 [Producto] Buscando vendedor
2018-06-16T06:58:24+02:00 [Producto] GET
2018-06-16T06:58:24+02:00 [Producto] Buscando producto...
2018-06-16T06:58:24+02:00 [Producto] Buscando imagenes del producto...
2018-06-16T06:58:24+02:00 [Producto] Buscando vendedor
2018-06-16T06:58:24+02:00 [Preguntas] GET
2018-06-16T06:58:24+02:00 [Preguntas] Preguntas por producto
2018-06-16T06:59:21+02:00 [Preguntas] GET
2018-06-16T06:59:21+02:00 [Preguntas] Preguntas por producto
2018-06-16T06:59:21+02:00 [Producto] GET
2018-06-16T06:59:21+02:00 [Producto] Buscando producto...
2018-06-16T06:59:21+02:00 [Producto] Buscando imagenes del producto...
2018-06-16T06:59:21+02:00 [Producto] Buscando vendedor
2018-06-16T07:00:51+02:00 [Producto] GET
2018-06-16T07:00:51+02:00 [Producto] Buscando producto...
2018-06-16T07:00:51+02:00 [Producto] Buscando imagenes del producto...
2018-06-16T07:00:51+02:00 [Producto] Buscando vendedor
2018-06-16T07:00:51+02:00 [Preguntas] GET
2018-06-16T07:00:51+02:00 [Preguntas] Preguntas por producto
2018-06-16T07:01:19+02:00 [Producto] GET
2018-06-16T07:01:19+02:00 [Producto] Buscando producto...
2018-06-16T07:01:19+02:00 [Preguntas] GET
2018-06-16T07:01:19+02:00 [Preguntas] Preguntas por producto
2018-06-16T07:01:19+02:00 [Producto] Buscando imagenes del producto...
2018-06-16T07:01:19+02:00 [Producto] Buscando vendedor
2018-06-16T07:01:42+02:00 [Producto] GET
2018-06-16T07:01:42+02:00 [Producto] Buscando producto...
2018-06-16T07:01:42+02:00 [Preguntas] GET
2018-06-16T07:01:42+02:00 [Preguntas] Preguntas por producto
2018-06-16T07:01:42+02:00 [Producto] Buscando imagenes del producto...
2018-06-16T07:01:42+02:00 [Producto] Buscando vendedor
2018-06-16T07:02:24+02:00 [Producto] GET
2018-06-16T07:02:24+02:00 [Producto] Buscando producto...
2018-06-16T07:02:24+02:00 [Producto] Buscando imagenes del producto...
2018-06-16T07:02:24+02:00 [Producto] Buscando vendedor
2018-06-16T07:02:24+02:00 [Preguntas] GET
2018-06-16T07:02:24+02:00 [Preguntas] Preguntas por producto
2018-06-16T07:14:54+02:00 [Producto] GET
2018-06-16T07:14:54+02:00 [Producto] Buscando producto...
2018-06-16T07:14:54+02:00 [Producto] Buscando imagenes del producto...
2018-06-16T07:14:54+02:00 [Producto] Buscando vendedor
2018-06-16T07:15:00+02:00 [Producto] GET
2018-06-16T07:15:00+02:00 [Producto] Buscando producto...
2018-06-16T07:15:00+02:00 [Producto] Buscando imagenes del producto...
2018-06-16T07:15:00+02:00 [Producto] Buscando vendedor
2018-06-16T07:17:05+02:00 [Producto] GET
2018-06-16T07:17:05+02:00 [Producto] Buscando producto...
2018-06-16T07:17:05+02:00 [Producto] Buscando imagenes del producto...
2018-06-16T07:17:05+02:00 [Producto] Buscando vendedor
2018-06-16T07:20:23+02:00 [Producto] GET
2018-06-16T07:20:23+02:00 [Producto] Buscando producto...
2018-06-16T07:20:23+02:00 [Producto] Buscando imagenes del producto...
2018-06-16T07:20:23+02:00 [Producto] Buscando vendedor
2018-06-16T07:20:23+02:00 [Preguntas] GET
2018-06-16T07:20:23+02:00 [Preguntas] Preguntas por producto
2018-06-16T07:25:12+02:00 [Producto] GET
2018-06-16T07:25:12+02:00 [Producto] Buscando producto...
2018-06-16T07:25:12+02:00 [Producto] Buscando imagenes del producto...
2018-06-16T07:25:12+02:00 [Producto] Buscando vendedor
2018-06-16T07:30:58+02:00 [Producto] GET
2018-06-16T07:30:58+02:00 [Producto] Buscando producto...
2018-06-16T07:30:58+02:00 [Producto] Buscando imagenes del producto...
2018-06-16T07:30:58+02:00 [Producto] Buscando vendedor
2018-06-16T07:31:29+02:00 [Producto] GET
2018-06-16T07:31:29+02:00 [Producto] Buscando producto...
2018-06-16T07:31:29+02:00 [Producto] Buscando imagenes del producto...
2018-06-16T07:31:29+02:00 [Producto] Buscando vendedor
2018-06-16T07:32:45+02:00 [Producto] GET
2018-06-16T07:32:45+02:00 [Producto] Buscando producto...
2018-06-16T07:32:45+02:00 [Producto] Buscando imagenes del producto...
2018-06-16T07:32:45+02:00 [Producto] Buscando vendedor
2018-06-16T07:33:03+02:00 [Producto] GET
2018-06-16T07:33:03+02:00 [Producto] Buscando producto...
2018-06-16T07:33:03+02:00 [Producto] Buscando imagenes del producto...
2018-06-16T07:33:03+02:00 [Producto] Buscando vendedor
2018-06-16T07:33:42+02:00 [Producto] GET
2018-06-16T07:33:42+02:00 [Producto] Buscando producto...
2018-06-16T07:33:42+02:00 [Producto] Buscando imagenes del producto...
2018-06-16T07:33:42+02:00 [Producto] Buscando vendedor
2018-06-16T07:35:38+02:00 [Producto] GET
2018-06-16T07:35:38+02:00 [Producto] Buscando producto...
2018-06-16T07:35:38+02:00 [Producto] Buscando imagenes del producto...
2018-06-16T07:35:38+02:00 [Producto] Buscando vendedor
2018-06-16T07:35:38+02:00 [Preguntas] GET
2018-06-16T07:35:38+02:00 [Preguntas] Preguntas por producto
2018-06-16T07:35:45+02:00 [Producto] GET
2018-06-16T07:35:45+02:00 [Producto] Buscando producto...
2018-06-16T07:35:45+02:00 [Producto] Buscando imagenes del producto...
2018-06-16T07:35:45+02:00 [Producto] Buscando vendedor
2018-06-16T07:35:45+02:00 [Preguntas] GET
2018-06-16T07:35:45+02:00 [Preguntas] Preguntas por producto
2018-06-16T07:36:18+02:00 [Preguntas] GET
2018-06-16T07:36:18+02:00 [Preguntas] Preguntas por producto
2018-06-16T07:36:18+02:00 [Producto] GET
2018-06-16T07:36:18+02:00 [Producto] Buscando producto...
2018-06-16T07:36:18+02:00 [Producto] Buscando imagenes del producto...
2018-06-16T07:36:18+02:00 [Producto] Buscando vendedor
2018-06-16T07:36:28+02:00 [Preguntas] GET
2018-06-16T07:36:28+02:00 [Preguntas] Preguntas por producto
2018-06-16T07:36:28+02:00 [Producto] GET
2018-06-16T07:36:28+02:00 [Producto] Buscando producto...
2018-06-16T07:36:28+02:00 [Producto] Buscando imagenes del producto...
2018-06-16T07:36:28+02:00 [Producto] Buscando vendedor
2018-06-16T07:43:12+02:00 [Producto] GET
2018-06-16T07:43:12+02:00 [Producto] Buscando producto...
2018-06-16T07:43:12+02:00 [Producto] Buscando imagenes del producto...
2018-06-16T07:43:12+02:00 [Producto] Buscando vendedor
2018-06-16T07:43:12+02:00 [Preguntas] GET
2018-06-16T07:43:12+02:00 [Preguntas] Preguntas por producto
2018-06-16T07:43:18+02:00 [Producto] GET
2018-06-16T07:43:18+02:00 [Producto] Buscando producto...
2018-06-16T07:43:18+02:00 [Producto] Buscando imagenes del producto...
2018-06-16T07:43:18+02:00 [Producto] Buscando vendedor
2018-06-16T07:43:18+02:00 [Preguntas] GET
2018-06-16T07:43:18+02:00 [Preguntas] Preguntas por producto
2018-06-16T07:44:45+02:00 [Producto] GET
2018-06-16T07:44:45+02:00 [Producto] Buscando producto...
2018-06-16T07:44:45+02:00 [Producto] Buscando imagenes del producto...
2018-06-16T07:44:45+02:00 [Preguntas] GET
2018-06-16T07:44:45+02:00 [Preguntas] Preguntas por producto
2018-06-16T07:44:45+02:00 [Producto] Buscando vendedor
2018-06-16T07:44:48+02:00 [Preguntas] GET
2018-06-16T07:44:48+02:00 [Preguntas] Preguntas por producto
2018-06-16T07:44:48+02:00 [Producto] GET
2018-06-16T07:44:48+02:00 [Producto] Buscando producto...
2018-06-16T07:44:48+02:00 [Producto] Buscando imagenes del producto...
2018-06-16T07:44:48+02:00 [Producto] Buscando vendedor
2018-06-16T07:45:02+02:00 [Producto] GET
2018-06-16T07:45:02+02:00 [Producto] Buscando producto...
2018-06-16T07:45:02+02:00 [Producto] Buscando imagenes del producto...
2018-06-16T07:45:02+02:00 [Producto] Buscando vendedor
2018-06-16T07:45:02+02:00 [Preguntas] GET
2018-06-16T07:45:02+02:00 [Preguntas] Preguntas por producto
2018-06-16T07:45:41+02:00 [Producto] GET
2018-06-16T07:45:41+02:00 [Producto] Buscando producto...
2018-06-16T07:45:41+02:00 [Producto] Buscando imagenes del producto...
2018-06-16T07:45:41+02:00 [Producto] Buscando vendedor
2018-06-16T07:45:41+02:00 [Preguntas] GET
2018-06-16T07:45:41+02:00 [Preguntas] Preguntas por producto
2018-06-16T07:45:45+02:00 [Preguntas] GET
2018-06-16T07:45:45+02:00 [Preguntas] Preguntas por producto
2018-06-16T07:45:45+02:00 [Producto] GET
2018-06-16T07:45:45+02:00 [Producto] Buscando producto...
2018-06-16T07:45:45+02:00 [Producto] Buscando imagenes del producto...
2018-06-16T07:45:45+02:00 [Producto] Buscando vendedor
2018-06-16T07:46:25+02:00 [Producto] GET
2018-06-16T07:46:25+02:00 [Producto] Buscando producto...
2018-06-16T07:46:25+02:00 [Preguntas] GET
2018-06-16T07:46:25+02:00 [Preguntas] Preguntas por producto
2018-06-16T07:46:25+02:00 [Producto] Buscando imagenes del producto...
2018-06-16T07:46:25+02:00 [Producto] Buscando vendedor
2018-06-16T07:46:30+02:00 [Producto] GET
2018-06-16T07:46:30+02:00 [Producto] Buscando producto...
2018-06-16T07:46:30+02:00 [Preguntas] GET
2018-06-16T07:46:30+02:00 [Preguntas] Preguntas por producto
2018-06-16T07:46:30+02:00 [Producto] Buscando imagenes del producto...
2018-06-16T07:46:30+02:00 [Producto] Buscando vendedor
2018-06-16T07:46:34+02:00 [Producto] GET
2018-06-16T07:46:34+02:00 [Producto] Buscando producto...
2018-06-16T07:46:34+02:00 [Producto] Buscando imagenes del producto...
2018-06-16T07:46:34+02:00 [Producto] Buscando vendedor
2018-06-16T07:46:34+02:00 [Preguntas] GET
2018-06-16T07:46:34+02:00 [Preguntas] Preguntas por producto
2018-06-16T07:47:36+02:00 [Preguntas] GET
2018-06-16T07:47:36+02:00 [Preguntas] Preguntas por producto
2018-06-16T07:47:36+02:00 [Producto] GET
2018-06-16T07:47:36+02:00 [Producto] Buscando producto...
2018-06-16T07:47:36+02:00 [Producto] Buscando imagenes del producto...
2018-06-16T07:47:36+02:00 [Producto] Buscando vendedor
2018-06-16T07:48:32+02:00 [Producto] GET
2018-06-16T07:48:32+02:00 [Producto] Buscando producto...
2018-06-16T07:48:32+02:00 [Producto] Buscando imagenes del producto...
2018-06-16T07:48:32+02:00 [Producto] Buscando vendedor
2018-06-16T07:48:33+02:00 [Preguntas] GET
2018-06-16T07:48:33+02:00 [Preguntas] Preguntas por producto
2018-06-16T07:49:13+02:00 [Producto] GET
2018-06-16T07:49:13+02:00 [Producto] Buscando producto...
2018-06-16T07:49:13+02:00 [Producto] Buscando imagenes del producto...
2018-06-16T07:49:13+02:00 [Producto] Buscando vendedor
2018-06-16T07:49:13+02:00 [Preguntas] GET
2018-06-16T07:49:13+02:00 [Preguntas] Preguntas por producto
2018-06-16T07:49:20+02:00 [Producto] GET
2018-06-16T07:49:20+02:00 [Producto] Buscando producto...
2018-06-16T07:49:20+02:00 [Producto] Buscando imagenes del producto...
2018-06-16T07:49:20+02:00 [Producto] Buscando vendedor
2018-06-16T07:49:20+02:00 [Preguntas] GET
2018-06-16T07:49:20+02:00 [Preguntas] Preguntas por producto
2018-06-16T07:51:15+02:00 [Producto] GET
2018-06-16T07:51:15+02:00 [Producto] Buscando producto...
2018-06-16T07:51:15+02:00 [Producto] Buscando imagenes del producto...
2018-06-16T07:51:15+02:00 [Producto] Buscando vendedor
2018-06-16T07:51:15+02:00 [Preguntas] GET
2018-06-16T07:51:15+02:00 [Preguntas] Preguntas por producto
2018-06-16T07:51:23+02:00 [Producto] GET
2018-06-16T07:51:23+02:00 [Producto] Buscando producto...
2018-06-16T07:51:23+02:00 [Producto] Buscando imagenes del producto...
2018-06-16T07:51:23+02:00 [Producto] Buscando vendedor
2018-06-16T07:51:23+02:00 [Preguntas] GET
2018-06-16T07:51:23+02:00 [Preguntas] Preguntas por producto
2018-06-16T07:51:26+02:00 [Producto] GET
2018-06-16T07:51:26+02:00 [Producto] Buscando producto...
2018-06-16T07:51:26+02:00 [Producto] Buscando imagenes del producto...
2018-06-16T07:51:26+02:00 [Producto] Buscando vendedor
2018-06-16T07:51:26+02:00 [Preguntas] GET
2018-06-16T07:51:26+02:00 [Preguntas] Preguntas por producto
2018-06-16T07:53:39+02:00 [Producto] GET
2018-06-16T07:53:39+02:00 [Producto] Buscando producto...
2018-06-16T07:53:39+02:00 [Producto] Buscando imagenes del producto...
2018-06-16T07:53:39+02:00 [Producto] Buscando vendedor
2018-06-16T07:53:52+02:00 [Producto] GET
2018-06-16T07:53:52+02:00 [Producto] Buscando producto...
2018-06-16T07:53:52+02:00 [Producto] Buscando imagenes del producto...
2018-06-16T07:53:52+02:00 [Producto] Buscando vendedor
2018-06-16T07:55:21+02:00 [Producto] GET
2018-06-16T07:55:21+02:00 [Producto] Buscando producto...
2018-06-16T07:55:21+02:00 [Producto] Buscando imagenes del producto...
2018-06-16T07:55:21+02:00 [Producto] Buscando vendedor
2018-06-16T07:55:21+02:00 [Preguntas] GET
2018-06-16T07:55:21+02:00 [Preguntas] Preguntas por producto
2018-06-16T07:55:49+02:00 [Producto] GET
2018-06-16T07:55:49+02:00 [Producto] Buscando producto...
2018-06-16T07:55:49+02:00 [Producto] Buscando imagenes del producto...
2018-06-16T07:55:49+02:00 [Producto] Buscando vendedor
2018-06-16T07:55:49+02:00 [Preguntas] GET
2018-06-16T07:55:49+02:00 [Preguntas] Preguntas por producto
